Traceback (most recent call last):
  File "/home/sangumang/Documents/sisinfops/run_simple_verra_fix.py", line 135, in main
    cursor.execute(query)
psycopg2.errors.UndefinedColumn: column vpr.status does not exist
LINE 6:                             'status', vpr.status,
                                              ^
HINT:  Perhaps you meant to reference the column "cp.status".


During handling of the above exception, another exception occurred:

Traceback (most recent call last):
  File "/home/sangumang/Documents/sisinfops/run_simple_verra_fix.py", line 180, in main
    cursor.execute("""
psycopg2.errors.InFailedSqlTransaction: current transaction is aborted, commands ignored until end of transaction block

============================================================
ğŸ”§ SIMPLE VERRA COLUMN FIX
============================================================
âœ… Connected to db.saelrsljpneclsbfdxfy.supabase.co
ğŸ“„ Executing simple fix SQL...
   ğŸ’¬ -- SIMPLE FIX FOR VERRA TABLE COLUMNS
   ğŸ’¬ -- No PL/pgSQL, just simple SQL statements
   ğŸ’¬ -- 1. Check if status column exists, if not add it
   ğŸ’¬ -- 2. Copy data from registration_status to status
   ğŸ’¬ -- 3. Ensure carbon_project_id exists
   ğŸ’¬ -- 4. Copy data from project_id to carbon_project_id
   ğŸ’¬ -- 5. Add sample data if needed
   ğŸ’¬ -- 6. Show results
   Found 9 statements
   âœ… Statement 1 executed
   âœ… Statement 2 executed
   âœ… Statement 3 executed
   âœ… Statement 4 executed
   âŒ Statement 5 failed: duplicate key value violates unique constraint "verra_project_registrations_registration_code_key"
   âŒ Statement 6 failed: current transaction is aborted, commands ignored until end of transaction block
   âŒ Statement 7 failed: current transaction is aborted, commands ignored until end of transaction block
   âŒ Statement 8 failed: current transaction is aborted, commands ignored until end of transaction block
   âŒ Statement 9 failed: current transaction is aborted, commands ignored until end of transaction block

ğŸ” Testing frontend query...
âŒ Frontend query still failing: column vpr.status does not exist
LINE 6:                             'status', vpr.status,
                                              ^
HINT:  Perhaps you meant to reference the column "cp.status".


ğŸ”§ Debug information:
âŒ Error: current transaction is aborted, commands ignored until end of transaction block

ğŸ”Œ Database connection closed
